<?xml version="1.0" encoding="UTF-8"?>
<!-- Generated by org.testng.reporters.JUnitXMLReporter -->
<testsuite ignored="8" hostname="LAPTOP-E194MDNK" failures="3" tests="9" name="chrometest" time="239.507" errors="0" timestamp="2024-06-07T21:49:32 IST">
  <testcase classname="test.TC000_BrokenLink" name="Linkbroken" time="1.103"/>
  <testcase classname="test.TC001_Signup" name="signin" time="53.559">
    <failure type="org.openqa.selenium.NoSuchElementException" message="Cannot locate option with value: Canada
For documentation on this error, please visit: https://www.selenium.dev/documentation/webdriver/troubleshooting/errors#no-such-element-exception
Build info: version: &amp;apos;4.21.0&amp;apos;, revision: &amp;apos;79ed462ef4&amp;apos;
System info: os.name: &amp;apos;Windows 11&amp;apos;, os.arch: &amp;apos;amd64&amp;apos;, os.version: &amp;apos;10.0&amp;apos;, java.version: &amp;apos;17.0.10&amp;apos;
Driver info: driver.version: unknown">
      <![CDATA[org.openqa.selenium.NoSuchElementException: Cannot locate option with value: Canada
For documentation on this error, please visit: https://www.selenium.dev/documentation/webdriver/troubleshooting/errors#no-such-element-exception
Build info: version: '4.21.0', revision: '79ed462ef4'
System info: os.name: 'Windows 11', os.arch: 'amd64', os.version: '10.0', java.version: '17.0.10'
Driver info: driver.version: unknown
at org.openqa.selenium.support.ui.Select.findOptionsByValue(Select.java:289)
at org.openqa.selenium.support.ui.Select.selectByValue(Select.java:194)
at pages.Signuppage.country(Signuppage.java:61)
at test.TC001_Signup.signin(TC001_Signup.java:28)
at java.base/java.util.ArrayList.forEach(ArrayList.java:1511)
... Removed 27 stack frames]]>
    </failure>
  </testcase> <!-- signin -->
  <testcase classname="test.TC001_Signup" name="signin" time="17.79">
    <failure type="org.openqa.selenium.NoSuchElementException" message="Cannot locate option with value: India
For documentation on this error, please visit: https://www.selenium.dev/documentation/webdriver/troubleshooting/errors#no-such-element-exception
Build info: version: &amp;apos;4.21.0&amp;apos;, revision: &amp;apos;79ed462ef4&amp;apos;
System info: os.name: &amp;apos;Windows 11&amp;apos;, os.arch: &amp;apos;amd64&amp;apos;, os.version: &amp;apos;10.0&amp;apos;, java.version: &amp;apos;17.0.10&amp;apos;
Driver info: driver.version: unknown">
      <![CDATA[org.openqa.selenium.NoSuchElementException: Cannot locate option with value: India
For documentation on this error, please visit: https://www.selenium.dev/documentation/webdriver/troubleshooting/errors#no-such-element-exception
Build info: version: '4.21.0', revision: '79ed462ef4'
System info: os.name: 'Windows 11', os.arch: 'amd64', os.version: '10.0', java.version: '17.0.10'
Driver info: driver.version: unknown
at org.openqa.selenium.support.ui.Select.findOptionsByValue(Select.java:289)
at org.openqa.selenium.support.ui.Select.selectByValue(Select.java:194)
at pages.Signuppage.country(Signuppage.java:61)
at test.TC001_Signup.signin(TC001_Signup.java:28)
at java.base/java.util.ArrayList.forEach(ArrayList.java:1511)
... Removed 27 stack frames]]>
    </failure>
  </testcase> <!-- signin -->
  <testcase classname="test.TC002_Login" name="login" time="6.509"/>
  <testcase classname="test.TC002_Login" name="login" time="3.836"/>
  <testcase classname="test.TC002_Login" name="login" time="14.091">
    <failure type="org.openqa.selenium.NoSuchElementException" message="no such element: Unable to locate element: {&amp;quot;method&amp;quot;:&amp;quot;xpath&amp;quot;,&amp;quot;selector&amp;quot;:&amp;quot;//div[contains(text(),&amp;apos;Please enter a valid password&amp;apos;)]&amp;quot;}
  (Session info: chrome=125.0.6422.142)
For documentation on this error, please visit: https://www.selenium.dev/documentation/webdriver/troubleshooting/errors#no-such-element-exception
Build info: version: &amp;apos;4.21.0&amp;apos;, revision: &amp;apos;79ed462ef4&amp;apos;
System info: os.name: &amp;apos;Windows 11&amp;apos;, os.arch: &amp;apos;amd64&amp;apos;, os.version: &amp;apos;10.0&amp;apos;, java.version: &amp;apos;17.0.10&amp;apos;
Driver info: org.openqa.selenium.chrome.ChromeDriver
Command: [dc2eb1f8e77348ca42f9f69901b4a335, findElement {value=//div[contains(text(),&amp;apos;Please enter a valid password&amp;apos;)], using=xpath}]
Capabilities {acceptInsecureCerts: false, browserName: chrome, browserVersion: 125.0.6422.142, chrome: {chromedriverVersion: 125.0.6422.141 (4b1e8393712..., userDataDir: C:\Users\boopa\AppData\Loca...}, fedcm:accounts: true, goog:chromeOptions: {debuggerAddress: localhost:56679}, networkConnectionEnabled: false, pageLoadStrategy: normal, platformName: windows, proxy: Proxy(), se:cdp: ws://localhost:56679/devtoo..., se:cdpVersion: 125.0.6422.142, setWindowRect: true, strictFileInteractability: false, timeouts: {implicit: 0, pageLoad: 300000, script: 30000}, unhandledPromptBehavior: dismiss and notify, webauthn:extension:credBlob: true, webauthn:extension:largeBlob: true, webauthn:extension:minPinLength: true, webauthn:extension:prf: true, webauthn:virtualAuthenticators: true}
Session ID: dc2eb1f8e77348ca42f9f69901b4a335">
      <![CDATA[org.openqa.selenium.NoSuchElementException: no such element: Unable to locate element: {"method":"xpath","selector":"//div[contains(text(),'Please enter a valid password')]"}
  (Session info: chrome=125.0.6422.142)
For documentation on this error, please visit: https://www.selenium.dev/documentation/webdriver/troubleshooting/errors#no-such-element-exception
Build info: version: '4.21.0', revision: '79ed462ef4'
System info: os.name: 'Windows 11', os.arch: 'amd64', os.version: '10.0', java.version: '17.0.10'
Driver info: org.openqa.selenium.chrome.ChromeDriver
Command: [dc2eb1f8e77348ca42f9f69901b4a335, findElement {value=//div[contains(text(),'Please enter a valid password')], using=xpath}]
Capabilities {acceptInsecureCerts: false, browserName: chrome, browserVersion: 125.0.6422.142, chrome: {chromedriverVersion: 125.0.6422.141 (4b1e8393712..., userDataDir: C:\Users\boopa\AppData\Loca...}, fedcm:accounts: true, goog:chromeOptions: {debuggerAddress: localhost:56679}, networkConnectionEnabled: false, pageLoadStrategy: normal, platformName: windows, proxy: Proxy(), se:cdp: ws://localhost:56679/devtoo..., se:cdpVersion: 125.0.6422.142, setWindowRect: true, strictFileInteractability: false, timeouts: {implicit: 0, pageLoad: 300000, script: 30000}, unhandledPromptBehavior: dismiss and notify, webauthn:extension:credBlob: true, webauthn:extension:largeBlob: true, webauthn:extension:minPinLength: true, webauthn:extension:prf: true, webauthn:virtualAuthenticators: true}
Session ID: dc2eb1f8e77348ca42f9f69901b4a335
at org.openqa.selenium.remote.ErrorCodec.decode(ErrorCodec.java:167)
at org.openqa.selenium.remote.codec.w3c.W3CHttpResponseCodec.decode(W3CHttpResponseCodec.java:138)
at org.openqa.selenium.remote.codec.w3c.W3CHttpResponseCodec.decode(W3CHttpResponseCodec.java:50)
at org.openqa.selenium.remote.HttpCommandExecutor.execute(HttpCommandExecutor.java:190)
at org.openqa.selenium.remote.service.DriverCommandExecutor.invokeExecute(DriverCommandExecutor.java:216)
at org.openqa.selenium.remote.service.DriverCommandExecutor.execute(DriverCommandExecutor.java:174)
at org.openqa.selenium.remote.RemoteWebDriver.execute(RemoteWebDriver.java:518)
at org.openqa.selenium.remote.ElementLocation$ElementFinder$2.findElement(ElementLocation.java:165)
at org.openqa.selenium.remote.ElementLocation.findElement(ElementLocation.java:59)
at org.openqa.selenium.remote.RemoteWebDriver.findElement(RemoteWebDriver.java:355)
at org.openqa.selenium.remote.RemoteWebDriver.findElement(RemoteWebDriver.java:349)
at utils.Utility.findElement(Utility.java:90)
at test.TC002_Login.login(TC002_Login.java:51)
at java.base/java.util.ArrayList.forEach(ArrayList.java:1511)
... Removed 32 stack frames]]>
    </failure>
  </testcase> <!-- login -->
  <testcase classname="test.TC002_Login" name="login" time="3.682"/>
  <testcase classname="test.TC003_Oneway" name="one_way" time="16.674"/>
  <testcase classname="test.TC005_Bookingpage" name="BookingDisplay" time="0.4"/>
  <testcase classname="base.ProjectSpecificationMethod" name="@BeforeSuite getreport" time="0.0">
    <ignored/>
  </testcase> <!-- @BeforeSuite getreport -->
  <testcase classname="base.ProjectSpecificationMethod" name="@BeforeSuite getreport" time="0.0">
    <ignored/>
  </testcase> <!-- @BeforeSuite getreport -->
  <testcase classname="base.ProjectSpecificationMethod" name="@BeforeSuite getreport" time="0.0">
    <ignored/>
  </testcase> <!-- @BeforeSuite getreport -->
  <testcase classname="base.ProjectSpecificationMethod" name="@AfterSuite closereport" time="0.0">
    <ignored/>
  </testcase> <!-- @AfterSuite closereport -->
  <testcase classname="base.ProjectSpecificationMethod" name="@AfterSuite closereport" time="0.0">
    <ignored/>
  </testcase> <!-- @AfterSuite closereport -->
  <testcase classname="base.ProjectSpecificationMethod" name="@AfterSuite closereport" time="0.0">
    <ignored/>
  </testcase> <!-- @AfterSuite closereport -->
  <testcase classname="base.ProjectSpecificationMethod" name="@AfterSuite closereport" time="0.0">
    <ignored/>
  </testcase> <!-- @AfterSuite closereport -->
  <testcase classname="base.ProjectSpecificationMethod" name="@BeforeSuite getreport" time="0.0">
    <ignored/>
  </testcase> <!-- @BeforeSuite getreport -->
</testsuite> <!-- chrometest -->
